<?xml version="1.0" encoding="UTF-8"?>
<!-- Generated by org.testng.reporters.JUnitReportReporter -->
<testsuite skipped="0" hostname="subz1034" name="SignInTest" tests="1" failures="0" timestamp="08 Dec 2018 15:39:20 GMT" time="16.642" errors="0">
  <testcase name="signInWithoutDetails" time="16.642" classname="SignInTest"/>
</testsuite> <!-- SignInTest -->
