<?xml version="1.0" encoding="UTF-8"?>
<!-- Generated by org.testng.reporters.JUnitReportReporter -->
<testsuite skipped="0" hostname="subz1034" name="FlightBookingTest" tests="1" failures="0" timestamp="07 Dec 2018 15:40:40 GMT" time="14.224" errors="0">
  <testcase name="testThatResultsAppearForAOneWayJourney" time="14.224" classname="FlightBookingTest"/>
</testsuite> <!-- FlightBookingTest -->
