<?xml version="1.0" encoding="UTF-8"?>
<!-- Generated by org.testng.reporters.JUnitReportReporter -->
<testsuite skipped="0" hostname="subz1034" name="FlightBookingTest" tests="1" failures="0" timestamp="08 Dec 2018 15:50:32 GMT" time="15.436" errors="0">
  <testcase name="bookTicketOneWayJourney" time="15.436" classname="FlightBookingTest"/>
</testsuite> <!-- FlightBookingTest -->
