<?xml version="1.0" encoding="UTF-8"?>
<!-- Generated by org.testng.reporters.JUnitReportReporter -->
<testsuite skipped="0" hostname="subz1034" name="HotelBookingTest" tests="1" failures="0" timestamp="08 Dec 2018 15:43:23 GMT" time="27.970" errors="0">
  <testcase name="searchHotels" time="27.970" classname="HotelBookingTest"/>
</testsuite> <!-- HotelBookingTest -->
