<?xml version="1.0" encoding="UTF-8"?>
<!-- Generated by org.testng.reporters.JUnitReportReporter -->
<testsuite skipped="0" hostname="subz1034" name="HotelBookingTest" tests="1" failures="0" timestamp="07 Dec 2018 16:28:30 GMT" time="28.869" errors="0">
  <testcase name="shouldBeAbleToSearchForHotels" time="28.869" classname="HotelBookingTest"/>
</testsuite> <!-- HotelBookingTest -->
