<?xml version="1.0" encoding="UTF-8"?>
<!-- Generated by org.testng.reporters.JUnitReportReporter -->
<testsuite skipped="0" hostname="subz1034" name="HotelBookingTest" tests="1" failures="0" timestamp="07 Dec 2018 18:05:31 GMT" time="25.672" errors="0">
  <testcase name="shouldBeAbleToSearchForHotels" time="25.672" classname="HotelBookingTest"/>
</testsuite> <!-- HotelBookingTest -->
