<?xml version="1.0" encoding="UTF-8"?>
<!-- Generated by org.testng.reporters.JUnitReportReporter -->
<testsuite skipped="0" hostname="subz1034" name="FlightBookingTest" tests="1" failures="0" timestamp="07 Dec 2018 18:16:24 GMT" time="13.926" errors="0">
  <testcase name="testThatResultsAppearForAOneWayJourney" time="13.926" classname="FlightBookingTest"/>
</testsuite> <!-- FlightBookingTest -->
