<?xml version="1.0" encoding="UTF-8"?>
<!-- Generated by org.testng.reporters.JUnitReportReporter -->
<testsuite skipped="0" hostname="subz1034" name="SignInTest" tests="1" failures="0" timestamp="07 Dec 2018 18:24:17 GMT" time="17.622" errors="0">
  <testcase name="shouldThrowAnErrorIfSignInDetailsAreMissing" time="17.622" classname="SignInTest"/>
</testsuite> <!-- SignInTest -->
